14-06-2020:13:05:04.333 [TestNG-tests-1] INFO  Practical.RealProject.LandingPage - test succeed
14-06-2020:14:19:32.680 [TestNG-tests-1] INFO  Practical.RealProject.LandingPage - Driver initialized
14-06-2020:14:19:38.207 [TestNG-tests-2] INFO  Practical.RealProject.ValidationTitles - Driver3 initialized
14-06-2020:14:19:39.164 [TestNG-tests-3] INFO  Practical.RealProject.ValidationNav - Driver2 initialized
14-06-2020:14:19:39.266 [TestNG-tests-3] INFO  Practical.RealProject.ValidationNav - Succeed
14-06-2020:14:19:39.324 [TestNG-tests-1] INFO  Practical.RealProject.LandingPage - Reached at URL
14-06-2020:14:19:50.693 [TestNG-tests-1] INFO  Practical.RealProject.LandingPage - Good User
14-06-2020:14:19:50.694 [TestNG-tests-1] INFO  Practical.RealProject.LandingPage - test succeed
14-06-2020:14:19:52.322 [TestNG-tests-1] INFO  Practical.RealProject.LandingPage - Reached at URL
14-06-2020:14:19:58.499 [TestNG-tests-1] INFO  Practical.RealProject.LandingPage - Restricted User
14-06-2020:14:19:58.499 [TestNG-tests-1] INFO  Practical.RealProject.LandingPage - test succeed
14-06-2020:14:23:12.451 [TestNG-tests-1] INFO  Practical.RealProject.LandingPage - Driver initialized
14-06-2020:14:23:18.644 [TestNG-tests-3] INFO  Practical.RealProject.ValidationNav - Driver2 initialized
14-06-2020:14:23:19.001 [TestNG-tests-3] INFO  Practical.RealProject.ValidationNav - Succeed
14-06-2020:14:23:19.191 [TestNG-tests-1] INFO  Practical.RealProject.LandingPage - Reached at URL
14-06-2020:14:23:19.551 [TestNG-tests-2] INFO  Practical.RealProject.ValidationTitles - Driver3 initialized
14-06-2020:14:23:19.689 [TestNG-tests-2] INFO  Practical.RealProject.ValidationTitles - Success is not a piece of cake
14-06-2020:14:23:30.857 [TestNG-tests-1] INFO  Practical.RealProject.LandingPage - Good User
14-06-2020:14:23:30.858 [TestNG-tests-1] INFO  Practical.RealProject.LandingPage - test succeed
14-06-2020:14:23:32.464 [TestNG-tests-1] INFO  Practical.RealProject.LandingPage - Reached at URL
14-06-2020:14:23:38.485 [TestNG-tests-1] INFO  Practical.RealProject.LandingPage - Restricted User
14-06-2020:14:23:38.485 [TestNG-tests-1] INFO  Practical.RealProject.LandingPage - test succeed
14-06-2020:14:51:14.435 [main] INFO  Practical.RealProject.LandingPage - Driver initialized
14-06-2020:14:51:17.542 [main] INFO  Practical.RealProject.LandingPage - Reached at URL
14-06-2020:14:51:27.521 [main] INFO  Practical.RealProject.LandingPage - Good User
14-06-2020:14:51:27.521 [main] INFO  Practical.RealProject.LandingPage - test succeed
14-06-2020:14:51:29.247 [main] INFO  Practical.RealProject.LandingPage - Reached at URL
14-06-2020:14:51:36.845 [main] INFO  Practical.RealProject.LandingPage - Restricted User
14-06-2020:14:51:36.846 [main] INFO  Practical.RealProject.LandingPage - test succeed
15-06-2020:11:28:12.904 [TestNG-tests-1] INFO  Practical.RealProject.LandingPage - Driver initialized
15-06-2020:11:28:22.244 [TestNG-tests-1] INFO  Practical.RealProject.LandingPage - Reached at URL
15-06-2020:11:28:22.448 [TestNG-tests-2] INFO  Practical.RealProject.ValidationTitles - Driver3 initialized
15-06-2020:11:28:22.652 [TestNG-tests-3] INFO  Practical.RealProject.ValidationNav - Driver2 initialized
15-06-2020:11:28:22.836 [TestNG-tests-2] INFO  Practical.RealProject.ValidationTitles - Success is not a piece of cake
15-06-2020:11:28:22.908 [TestNG-tests-3] INFO  Practical.RealProject.ValidationNav - Succeed
15-06-2020:11:28:35.908 [TestNG-tests-1] INFO  Practical.RealProject.LandingPage - Good User
15-06-2020:11:28:35.912 [TestNG-tests-1] INFO  Practical.RealProject.LandingPage - test succeed
15-06-2020:11:28:38.445 [TestNG-tests-1] INFO  Practical.RealProject.LandingPage - Reached at URL
15-06-2020:11:28:46.068 [TestNG-tests-1] INFO  Practical.RealProject.LandingPage - Restricted User
15-06-2020:11:28:46.068 [TestNG-tests-1] INFO  Practical.RealProject.LandingPage - test succeed
15-06-2020:11:44:59.513 [TestNG-tests-1] INFO  Practical.RealProject.LandingPage - Driver initialized
15-06-2020:11:45:06.980 [TestNG-tests-1] INFO  Practical.RealProject.LandingPage - Reached at URL
15-06-2020:11:45:07.680 [TestNG-tests-2] INFO  Practical.RealProject.ValidationTitles - Driver3 initialized
15-06-2020:11:45:08.492 [TestNG-tests-2] INFO  Practical.RealProject.ValidationTitles - Success is not a piece of cake
15-06-2020:11:45:09.453 [TestNG-tests-3] INFO  Practical.RealProject.ValidationNav - Driver2 initialized
15-06-2020:11:45:09.537 [TestNG-tests-3] INFO  Practical.RealProject.ValidationNav - Succeed
15-06-2020:11:45:21.452 [TestNG-tests-1] INFO  Practical.RealProject.LandingPage - Good User
15-06-2020:11:45:21.452 [TestNG-tests-1] INFO  Practical.RealProject.LandingPage - test succeed
15-06-2020:11:45:23.974 [TestNG-tests-1] INFO  Practical.RealProject.LandingPage - Reached at URL
15-06-2020:11:45:31.799 [TestNG-tests-1] INFO  Practical.RealProject.LandingPage - Restricted User
15-06-2020:11:45:31.799 [TestNG-tests-1] INFO  Practical.RealProject.LandingPage - test succeed
